Using pre-set license
Built from '2020.3/staging' branch; Version is '2020.3.20f1 (41c4e627c95f) revision 4310246'; Using compiler version '192528614'; Build Type 'Release'
OS: 'Windows 10 Pro; OS build 19042.1466; Version 2009; 64bit' Language: 'it' Physical Memory: 8140 MB
BatchMode: 1, IsHumanControllingUs: 0, StartBugReporterOnCrash: 0, Is64bit: 1, IsPro: 0

COMMAND LINE ARGUMENTS:
C:\Program Files\Unity 2020.3.20f1\Editor\Unity.exe
-adb2
-batchMode
-noUpm
-name
AssetImportWorker1
-projectPath
C:/Users/giova/Documents/GitHub/Frames-Alpha
-logFile
Logs/AssetImportWorker1.log
-srvPort
63219
Successfully changed project path to: C:/Users/giova/Documents/GitHub/Frames-Alpha
C:/Users/giova/Documents/GitHub/Frames-Alpha
Using Asset Import Pipeline V2.
Refreshing native plugins compatible for Editor in 88.05 ms, found 6 plugins.
Preloading 0 native plugins for Editor in 0.00 ms.
Initialize engine version: 2020.3.20f1 (41c4e627c95f)
[Subsystems] Discovering subsystems at path C:/Program Files/Unity 2020.3.20f1/Editor/Data/Resources/UnitySubsystems
[Subsystems] Discovering subsystems at path C:/Users/giova/Documents/GitHub/Frames-Alpha/Assets
GfxDevice: creating device client; threaded=0
Direct3D:
    Version:  Direct3D 11.0 [level 11.1]
    Renderer: Radeon RX 580 Series (ID=0x67df)
    Vendor:   
    VRAM:     8171 MB
    Driver:   30.0.14023.3004
Initialize mono
Mono path[0] = 'C:/Program Files/Unity 2020.3.20f1/Editor/Data/Managed'
Mono path[1] = 'C:/Program Files/Unity 2020.3.20f1/Editor/Data/MonoBleedingEdge/lib/mono/unityjit'
Mono config path = 'C:/Program Files/Unity 2020.3.20f1/Editor/Data/MonoBleedingEdge/etc'
Using monoOptions --debugger-agent=transport=dt_socket,embedding=1,server=y,suspend=n,address=127.0.0.1:56388
Begin MonoManager ReloadAssembly
Registering precompiled unity dll's ...
Register platform support module: C:/Program Files/Unity 2020.3.20f1/Editor/Data/PlaybackEngines/WindowsStandaloneSupport/UnityEditor.WindowsStandalone.Extensions.dll
Registered in 0.002832 seconds.
Native extension for WindowsStandalone target not found
Refreshing native plugins compatible for Editor in 73.53 ms, found 6 plugins.
Preloading 0 native plugins for Editor in 0.00 ms.
Mono: successfully reloaded assembly
- Completed reload, in  1.421 seconds
Domain Reload Profiling:
	ReloadAssembly (1421ms)
		BeginReloadAssembly (71ms)
			ExecutionOrderSort (0ms)
			DisableScriptedObjects (0ms)
			BackupInstance (0ms)
			ReleaseScriptingObjects (0ms)
			CreateAndSetChildDomain (1ms)
		EndReloadAssembly (535ms)
			LoadAssemblies (67ms)
			RebuildTransferFunctionScriptingTraits (0ms)
			SetupTypeCache (182ms)
			ReleaseScriptCaches (0ms)
			RebuildScriptCaches (33ms)
			SetupLoadedEditorAssemblies (231ms)
				LogAssemblyErrors (0ms)
				InitializePlatformSupportModulesInManaged (5ms)
				SetLoadedEditorAssemblies (0ms)
				RefreshPlugins (74ms)
				BeforeProcessingInitializeOnLoad (11ms)
				ProcessInitializeOnLoadAttributes (106ms)
				ProcessInitializeOnLoadMethodAttributes (35ms)
				AfterProcessingInitializeOnLoad (0ms)
				EditorAssembliesLoaded (0ms)
			ExecutionOrderSort2 (0ms)
			AwakeInstancesAfterBackupRestoration (0ms)
Platform modules already initialized, skipping
Registering precompiled user dll's ...
Registered in 0.005538 seconds.
Begin MonoManager ReloadAssembly
Native extension for WindowsStandalone target not found
Refreshing native plugins compatible for Editor in 70.62 ms, found 6 plugins.
Preloading 0 native plugins for Editor in 0.00 ms.
Mono: successfully reloaded assembly
- Completed reload, in  6.290 seconds
Domain Reload Profiling:
	ReloadAssembly (6296ms)
		BeginReloadAssembly (177ms)
			ExecutionOrderSort (0ms)
			DisableScriptedObjects (6ms)
			BackupInstance (0ms)
			ReleaseScriptingObjects (0ms)
			CreateAndSetChildDomain (22ms)
		EndReloadAssembly (6038ms)
			LoadAssemblies (3544ms)
			RebuildTransferFunctionScriptingTraits (0ms)
			SetupTypeCache (1485ms)
			ReleaseScriptCaches (1ms)
			RebuildScriptCaches (79ms)
			SetupLoadedEditorAssemblies (773ms)
				LogAssemblyErrors (0ms)
				InitializePlatformSupportModulesInManaged (5ms)
				SetLoadedEditorAssemblies (0ms)
				RefreshPlugins (71ms)
				BeforeProcessingInitializeOnLoad (99ms)
				ProcessInitializeOnLoadAttributes (562ms)
				ProcessInitializeOnLoadMethodAttributes (26ms)
				AfterProcessingInitializeOnLoad (10ms)
				EditorAssembliesLoaded (0ms)
			ExecutionOrderSort2 (0ms)
			AwakeInstancesAfterBackupRestoration (8ms)
Platform modules already initialized, skipping
========================================================================
Worker process is ready to serve import requests
Launched and connected shader compiler UnityShaderCompiler.exe after 0.16 seconds
Refreshing native plugins compatible for Editor in 1.00 ms, found 6 plugins.
Preloading 0 native plugins for Editor in 0.00 ms.
Unloading 3194 Unused Serialized files (Serialized files now loaded: 0)
System memory in use before: 128.2 MB.
System memory in use after: 128.4 MB.

Unloading 46 unused Assets to reduce memory usage. Loaded Objects now: 3614.
Total: 4.026300 ms (FindLiveObjects: 0.401800 ms CreateObjectMapping: 0.090600 ms MarkObjects: 3.428900 ms  DeleteObjects: 0.103100 ms)

AssetImportParameters requested are different than current active one (requested -> active):
  custom:framework-win-MediaFoundation: 216162199b28c13a410421893ffa2e32 -> 
  custom:video-decoder-ogg-theora: a1e56fd34408186e4bbccfd4996cb3dc -> 
  custom:container-muxer-webm: aa71ff27fc2769a1b78a27578f13a17b -> 
  custom:container-demuxer-webm: 4f35f7cbe854078d1ac9338744f61a02 -> 
  custom:container-demuxer-ogg: 62fdf1f143b41e24485cea50d1cbac27 -> 
  custom:video-encoder-webm-vp8: eb34c28f22e8b96e1ab97ce403110664 -> 
  custom:video-decoder-webm-vp8: 9c59270c3fd7afecdb556c50c9e8de78 -> 
  custom:audio-decoder-ogg-vorbis: bf7c407c2cedff20999df2af8eb42d56 -> 
  custom:audio-encoder-webm-vorbis: bf7c407c2cedff20999df2af8eb42d56 -> 
========================================================================
Received Import Request.
  path: Assets/Sprites/spritesheetScrittoio.png
  artifactKey: Guid(00a470c3ecfdf594593ee86eed11d31b) Importer(815301076,1909f56bfc062723c751e8b465ee728b)
Start importing Assets/Sprites/spritesheetScrittoio.png using Guid(00a470c3ecfdf594593ee86eed11d31b) Importer(815301076,1909f56bfc062723c751e8b465ee728b)  -> (artifact id: '05cb36a6c6cc7c79a927dc6b17eda80f') in 0.270782 seconds 
  Import took 0.336581 seconds .

========================================================================
Received Import Request.
  Time since last request: 0.000262 seconds.
  path: Assets/Fungus/Resources/Prefabs/ClickableSprite.prefab
  artifactKey: Guid(0e6bcf37a2876432fa58eff8888bf177) Importer(815301076,1909f56bfc062723c751e8b465ee728b)
Start importing Assets/Fungus/Resources/Prefabs/ClickableSprite.prefab using Guid(0e6bcf37a2876432fa58eff8888bf177) Importer(815301076,1909f56bfc062723c751e8b465ee728b)  -> (artifact id: 'cb4301fdb82aae6c07e4871c37cd0c51') in 0.189947 seconds 
  Import took 0.195597 seconds .

========================================================================
Received Import Request.
  Time since last request: 0.000212 seconds.
  path: Assets/Fungus/Resources/Prefabs/DraggableSprite.prefab
  artifactKey: Guid(4d55f86cf3b124c8fb1158da26ffa96d) Importer(815301076,1909f56bfc062723c751e8b465ee728b)
Start importing Assets/Fungus/Resources/Prefabs/DraggableSprite.prefab using Guid(4d55f86cf3b124c8fb1158da26ffa96d) Importer(815301076,1909f56bfc062723c751e8b465ee728b)  -> (artifact id: 'cea7bb0abf0cba457479f6259edc4217') in 0.021323 seconds 
  Import took 0.027353 seconds .

========================================================================
Received Import Request.
  Time since last request: 0.000223 seconds.
  path: Assets/Sprites/spritesheetArmadio.png
  artifactKey: Guid(21f4e356c66a4e84993954c4ea669e24) Importer(815301076,1909f56bfc062723c751e8b465ee728b)
Start importing Assets/Sprites/spritesheetArmadio.png using Guid(21f4e356c66a4e84993954c4ea669e24) Importer(815301076,1909f56bfc062723c751e8b465ee728b)  -> (artifact id: '366eea19498426f23ffa68a6f2640f14') in 0.083118 seconds 
  Import took 0.088802 seconds .

========================================================================
Received Import Request.
  Time since last request: 24.264870 seconds.
  path: Assets/Sprites/spritesheetArmadio.png
  artifactKey: Guid(21f4e356c66a4e84993954c4ea669e24) Importer(815301076,1909f56bfc062723c751e8b465ee728b)
Start importing Assets/Sprites/spritesheetArmadio.png using Guid(21f4e356c66a4e84993954c4ea669e24) Importer(815301076,1909f56bfc062723c751e8b465ee728b)  -> (artifact id: 'dc73248ac1f94b679d9c6992c428ce09') in 0.016874 seconds 
  Import took 0.023640 seconds .

========================================================================
Received Import Request.
  Time since last request: 15.594065 seconds.
  path: Assets/Sprites/spritesheetArmadio.png
  artifactKey: Guid(21f4e356c66a4e84993954c4ea669e24) Importer(815301076,1909f56bfc062723c751e8b465ee728b)
Start importing Assets/Sprites/spritesheetArmadio.png using Guid(21f4e356c66a4e84993954c4ea669e24) Importer(815301076,1909f56bfc062723c751e8b465ee728b)  -> (artifact id: '5e05cfd6a3218601d4aa716aca3e88aa') in 0.085239 seconds 
  Import took 0.091402 seconds .

========================================================================
Received Import Request.
  Time since last request: 207.596909 seconds.
  path: Assets/Sprites/spritesheetArmadio.png
  artifactKey: Guid(21f4e356c66a4e84993954c4ea669e24) Importer(815301076,1909f56bfc062723c751e8b465ee728b)
Start importing Assets/Sprites/spritesheetArmadio.png using Guid(21f4e356c66a4e84993954c4ea669e24) Importer(815301076,1909f56bfc062723c751e8b465ee728b)  -> (artifact id: '48da1d759e5684da5b1e38c4691a947c') in 0.087404 seconds 
  Import took 0.093558 seconds .

========================================================================
Received Import Request.
  Time since last request: 48.315165 seconds.
  path: Assets/Sprites/spritesheetArmadio.png
  artifactKey: Guid(21f4e356c66a4e84993954c4ea669e24) Importer(815301076,1909f56bfc062723c751e8b465ee728b)
Start importing Assets/Sprites/spritesheetArmadio.png using Guid(21f4e356c66a4e84993954c4ea669e24) Importer(815301076,1909f56bfc062723c751e8b465ee728b)  -> (artifact id: '6356006eefbe9e5afa80f28f67c7969c') in 0.080262 seconds 
  Import took 0.085726 seconds .

========================================================================
Received Import Request.
  Time since last request: 57.628931 seconds.
  path: Assets/Sprites/spritesheetScrittoio.png
  artifactKey: Guid(00a470c3ecfdf594593ee86eed11d31b) Importer(815301076,1909f56bfc062723c751e8b465ee728b)
Start importing Assets/Sprites/spritesheetScrittoio.png using Guid(00a470c3ecfdf594593ee86eed11d31b) Importer(815301076,1909f56bfc062723c751e8b465ee728b)  -> (artifact id: 'af1bd855ab04d3d6f84c8bb506b59e57') in 0.019719 seconds 
  Import took 0.026222 seconds .

========================================================================
Received Import Request.
  Time since last request: 48.367548 seconds.
  path: Assets/Sprites/spritesheetScrittoio.png
  artifactKey: Guid(00a470c3ecfdf594593ee86eed11d31b) Importer(815301076,1909f56bfc062723c751e8b465ee728b)
Start importing Assets/Sprites/spritesheetScrittoio.png using Guid(00a470c3ecfdf594593ee86eed11d31b) Importer(815301076,1909f56bfc062723c751e8b465ee728b)  -> (artifact id: 'c0233504d597e2562eb4e284c369523f') in 0.053298 seconds 
  Import took 0.059353 seconds .

AssetImportWorkerClient::OnTransportError - code=2 error=End of file
